{"/Users/jaeuk/development/vscode_project/pohang-eats-backend/src/jwt/jwt.service.ts": {"path":"/Users/jaeuk/development/vscode_project/pohang-eats-backend/src/jwt/jwt.service.ts","statementMap":{"0":{"start":{"line":1,"column":0},"end":{"line":1,"column":52}},"1":{"start":{"line":3,"column":0},"end":{"line":3,"column":36}},"2":{"start":{"line":4,"column":0},"end":{"line":4,"column":61}},"3":{"start":{"line":7,"column":0},"end":{"line":19,"column":null}},"4":{"start":{"line":9,"column":45},"end":{"line":9,"column":70}},"5":{"start":{"line":14,"column":4},"end":{"line":14,"column":61}},"6":{"start":{"line":17,"column":4},"end":{"line":17,"column":54}},"7":{"start":{"line":7,"column":13},"end":{"line":19,"column":null}},"8":{"start":{"line":7,"column":13},"end":{"line":7,"column":23}}},"fnMap":{"0":{"name":"(anonymous_4)","decl":{"start":{"line":8,"column":2},"end":{"line":8,"column":null}},"loc":{"start":{"line":9,"column":70},"end":{"line":10,"column":6}}},"1":{"name":"(anonymous_5)","decl":{"start":{"line":13,"column":2},"end":{"line":13,"column":6}},"loc":{"start":{"line":13,"column":21},"end":{"line":15,"column":3}}},"2":{"name":"(anonymous_6)","decl":{"start":{"line":16,"column":2},"end":{"line":16,"column":8}},"loc":{"start":{"line":16,"column":22},"end":{"line":18,"column":3}}}},"branchMap":{},"s":{"0":2,"1":2,"2":2,"3":2,"4":3,"5":1,"6":1,"7":2,"8":2},"f":{"0":3,"1":1,"2":1},"b":{}}
,"/Users/jaeuk/development/vscode_project/pohang-eats-backend/src/mail/mail.service.ts": {"path":"/Users/jaeuk/development/vscode_project/pohang-eats-backend/src/mail/mail.service.ts","statementMap":{"0":{"start":{"line":1,"column":0},"end":{"line":1,"column":22}},"1":{"start":{"line":2,"column":0},"end":{"line":2,"column":38}},"2":{"start":{"line":3,"column":0},"end":{"line":3,"column":52}},"3":{"start":{"line":4,"column":0},"end":{"line":4,"column":61}},"4":{"start":{"line":9,"column":0},"end":{"line":55,"column":null}},"5":{"start":{"line":11,"column":45},"end":{"line":11,"column":71}},"6":{"start":{"line":21,"column":17},"end":{"line":21,"column":31}},"7":{"start":{"line":22,"column":4},"end":{"line":22,"column":72}},"8":{"start":{"line":23,"column":4},"end":{"line":23,"column":42}},"9":{"start":{"line":24,"column":4},"end":{"line":24,"column":36}},"10":{"start":{"line":25,"column":4},"end":{"line":25,"column":38}},"11":{"start":{"line":30,"column":4},"end":{"line":46,"column":null}},"12":{"start":{"line":31,"column":23},"end":{"line":41,"column":null}},"13":{"start":{"line":43,"column":6},"end":{"line":43,"column":18}},"14":{"start":{"line":45,"column":6},"end":{"line":45,"column":19}},"15":{"start":{"line":50,"column":4},"end":{"line":53,"column":7}},"16":{"start":{"line":9,"column":13},"end":{"line":55,"column":null}},"17":{"start":{"line":9,"column":13},"end":{"line":9,"column":24}}},"fnMap":{"0":{"name":"(anonymous_4)","decl":{"start":{"line":10,"column":2},"end":{"line":10,"column":null}},"loc":{"start":{"line":11,"column":71},"end":{"line":14,"column":3}}},"1":{"name":"(anonymous_5)","decl":{"start":{"line":16,"column":2},"end":{"line":16,"column":7}},"loc":{"start":{"line":19,"column":25},"end":{"line":47,"column":3}}},"2":{"name":"(anonymous_6)","decl":{"start":{"line":49,"column":2},"end":{"line":49,"column":23}},"loc":{"start":{"line":49,"column":51},"end":{"line":54,"column":3}}}},"branchMap":{},"s":{"0":2,"1":2,"2":2,"3":2,"4":2,"5":4,"6":2,"7":2,"8":2,"9":2,"10":2,"11":2,"12":2,"13":1,"14":1,"15":1,"16":2,"17":2},"f":{"0":4,"1":2,"2":1},"b":{}}
,"/Users/jaeuk/development/vscode_project/pohang-eats-backend/src/users/users.service.ts": {"path":"/Users/jaeuk/development/vscode_project/pohang-eats-backend/src/users/users.service.ts","statementMap":{"0":{"start":{"line":1,"column":0},"end":{"line":1,"column":44}},"1":{"start":{"line":2,"column":0},"end":{"line":2,"column":51}},"2":{"start":{"line":3,"column":0},"end":{"line":3,"column":37}},"3":{"start":{"line":6,"column":0},"end":{"line":6,"column":46}},"4":{"start":{"line":7,"column":0},"end":{"line":7,"column":49}},"5":{"start":{"line":9,"column":0},"end":{"line":9,"column":62}},"6":{"start":{"line":12,"column":0},"end":{"line":12,"column":52}},"7":{"start":{"line":15,"column":0},"end":{"line":133,"column":null}},"8":{"start":{"line":18,"column":45},"end":{"line":18,"column":52}},"9":{"start":{"line":20,"column":21},"end":{"line":20,"column":36}},"10":{"start":{"line":21,"column":21},"end":{"line":21,"column":33}},"11":{"start":{"line":22,"column":21},"end":{"line":22,"column":34}},"12":{"start":{"line":30,"column":4},"end":{"line":47,"column":null}},"13":{"start":{"line":31,"column":20},"end":{"line":31,"column":55}},"14":{"start":{"line":32,"column":6},"end":{"line":34,"column":null}},"15":{"start":{"line":33,"column":8},"end":{"line":33,"column":79}},"16":{"start":{"line":35,"column":19},"end":{"line":36,"column":null}},"17":{"start":{"line":38,"column":27},"end":{"line":41,"column":null}},"18":{"start":{"line":43,"column":6},"end":{"line":43,"column":76}},"19":{"start":{"line":44,"column":6},"end":{"line":44,"column":26}},"20":{"start":{"line":46,"column":6},"end":{"line":46,"column":61}},"21":{"start":{"line":54,"column":4},"end":{"line":73,"column":null}},"22":{"start":{"line":55,"column":19},"end":{"line":57,"column":null}},"23":{"start":{"line":59,"column":6},"end":{"line":61,"column":null}},"24":{"start":{"line":60,"column":8},"end":{"line":60,"column":54}},"25":{"start":{"line":62,"column":30},"end":{"line":62,"column":64}},"26":{"start":{"line":63,"column":6},"end":{"line":65,"column":null}},"27":{"start":{"line":64,"column":8},"end":{"line":64,"column":54}},"28":{"start":{"line":66,"column":20},"end":{"line":66,"column":49}},"29":{"start":{"line":67,"column":6},"end":{"line":70,"column":8}},"30":{"start":{"line":72,"column":6},"end":{"line":72,"column":56}},"31":{"start":{"line":77,"column":4},"end":{"line":85,"column":null}},"32":{"start":{"line":78,"column":19},"end":{"line":78,"column":57}},"33":{"start":{"line":79,"column":6},"end":{"line":82,"column":8}},"34":{"start":{"line":84,"column":6},"end":{"line":84,"column":52}},"35":{"start":{"line":92,"column":4},"end":{"line":112,"column":null}},"36":{"start":{"line":93,"column":19},"end":{"line":93,"column":51}},"37":{"start":{"line":94,"column":6},"end":{"line":102,"column":null}},"38":{"start":{"line":95,"column":8},"end":{"line":95,"column":27}},"39":{"start":{"line":96,"column":8},"end":{"line":96,"column":30}},"40":{"start":{"line":97,"column":8},"end":{"line":97,"column":67}},"41":{"start":{"line":98,"column":29},"end":{"line":99,"column":null}},"42":{"start":{"line":101,"column":8},"end":{"line":101,"column":78}},"43":{"start":{"line":103,"column":6},"end":{"line":105,"column":null}},"44":{"start":{"line":104,"column":8},"end":{"line":104,"column":33}},"45":{"start":{"line":106,"column":6},"end":{"line":106,"column":34}},"46":{"start":{"line":107,"column":6},"end":{"line":109,"column":8}},"47":{"start":{"line":111,"column":6},"end":{"line":111,"column":63}},"48":{"start":{"line":116,"column":4},"end":{"line":131,"column":null}},"49":{"start":{"line":117,"column":27},"end":{"line":120,"column":null}},"50":{"start":{"line":122,"column":6},"end":{"line":127,"column":null}},"51":{"start":{"line":123,"column":8},"end":{"line":123,"column":42}},"52":{"start":{"line":124,"column":8},"end":{"line":124,"column":43}},"53":{"start":{"line":125,"column":8},"end":{"line":125,"column":51}},"54":{"start":{"line":126,"column":8},"end":{"line":126,"column":28}},"55":{"start":{"line":128,"column":6},"end":{"line":128,"column":61}},"56":{"start":{"line":130,"column":6},"end":{"line":130,"column":61}},"57":{"start":{"line":15,"column":13},"end":{"line":133,"column":null}},"58":{"start":{"line":15,"column":13},"end":{"line":15,"column":24}}},"fnMap":{"0":{"name":"(anonymous_4)","decl":{"start":{"line":17,"column":2},"end":{"line":17,"column":null}},"loc":{"start":{"line":22,"column":45},"end":{"line":23,"column":6}}},"1":{"name":"(anonymous_5)","decl":{"start":{"line":25,"column":2},"end":{"line":25,"column":7}},"loc":{"start":{"line":29,"column":23},"end":{"line":48,"column":3}}},"2":{"name":"(anonymous_6)","decl":{"start":{"line":50,"column":2},"end":{"line":50,"column":7}},"loc":{"start":{"line":53,"column":15},"end":{"line":74,"column":3}}},"3":{"name":"(anonymous_7)","decl":{"start":{"line":76,"column":2},"end":{"line":76,"column":7}},"loc":{"start":{"line":76,"column":27},"end":{"line":86,"column":3}}},"4":{"name":"(anonymous_8)","decl":{"start":{"line":88,"column":2},"end":{"line":88,"column":7}},"loc":{"start":{"line":90,"column":41},"end":{"line":113,"column":3}}},"5":{"name":"(anonymous_9)","decl":{"start":{"line":115,"column":2},"end":{"line":115,"column":7}},"loc":{"start":{"line":115,"column":32},"end":{"line":132,"column":3}}}},"branchMap":{"0":{"loc":{"start":{"line":32,"column":6},"end":{"line":34,"column":null}},"type":"if","locations":[{"start":{"line":32,"column":6},"end":{"line":34,"column":null}},{"start":{"line":32,"column":6},"end":{"line":34,"column":null}}]},"1":{"loc":{"start":{"line":59,"column":6},"end":{"line":61,"column":null}},"type":"if","locations":[{"start":{"line":59,"column":6},"end":{"line":61,"column":null}},{"start":{"line":59,"column":6},"end":{"line":61,"column":null}}]},"2":{"loc":{"start":{"line":63,"column":6},"end":{"line":65,"column":null}},"type":"if","locations":[{"start":{"line":63,"column":6},"end":{"line":65,"column":null}},{"start":{"line":63,"column":6},"end":{"line":65,"column":null}}]},"3":{"loc":{"start":{"line":94,"column":6},"end":{"line":102,"column":null}},"type":"if","locations":[{"start":{"line":94,"column":6},"end":{"line":102,"column":null}},{"start":{"line":94,"column":6},"end":{"line":102,"column":null}}]},"4":{"loc":{"start":{"line":103,"column":6},"end":{"line":105,"column":null}},"type":"if","locations":[{"start":{"line":103,"column":6},"end":{"line":105,"column":null}},{"start":{"line":103,"column":6},"end":{"line":105,"column":null}}]},"5":{"loc":{"start":{"line":122,"column":6},"end":{"line":127,"column":null}},"type":"if","locations":[{"start":{"line":122,"column":6},"end":{"line":127,"column":null}},{"start":{"line":122,"column":6},"end":{"line":127,"column":null}}]}},"s":{"0":1,"1":1,"2":1,"3":1,"4":1,"5":1,"6":1,"7":1,"8":15,"9":15,"10":15,"11":15,"12":3,"13":3,"14":2,"15":1,"16":1,"17":1,"18":1,"19":1,"20":1,"21":4,"22":4,"23":3,"24":1,"25":2,"26":2,"27":1,"28":1,"29":1,"30":1,"31":2,"32":2,"33":1,"34":1,"35":3,"36":3,"37":2,"38":1,"39":1,"40":1,"41":1,"42":1,"43":2,"44":1,"45":2,"46":2,"47":1,"48":3,"49":3,"50":2,"51":1,"52":1,"53":1,"54":1,"55":1,"56":1,"57":1,"58":1},"f":{"0":15,"1":3,"2":4,"3":2,"4":3,"5":3},"b":{"0":[1,1],"1":[1,2],"2":[1,1],"3":[1,1],"4":[1,1],"5":[1,1]}}
}
