TN:
SF:src/jwt/jwt.service.ts
FN:8,(anonymous_4)
FN:13,(anonymous_5)
FN:16,(anonymous_6)
FNF:3
FNH:3
FNDA:3,(anonymous_4)
FNDA:1,(anonymous_5)
FNDA:1,(anonymous_6)
DA:1,2
DA:3,2
DA:4,2
DA:7,2
DA:9,3
DA:14,1
DA:17,1
LF:7
LH:7
BRF:0
BRH:0
end_of_record
TN:
SF:src/mail/mail.service.ts
FN:10,(anonymous_4)
FN:16,(anonymous_5)
FN:49,(anonymous_6)
FNF:3
FNH:3
FNDA:4,(anonymous_4)
FNDA:2,(anonymous_5)
FNDA:1,(anonymous_6)
DA:1,2
DA:2,2
DA:3,2
DA:4,2
DA:9,2
DA:11,4
DA:21,2
DA:22,2
DA:23,2
DA:24,2
DA:25,2
DA:30,2
DA:31,2
DA:43,1
DA:45,1
DA:50,1
LF:16
LH:16
BRF:0
BRH:0
end_of_record
TN:
SF:src/users/users.service.ts
FN:17,(anonymous_4)
FN:25,(anonymous_5)
FN:50,(anonymous_6)
FN:76,(anonymous_7)
FN:88,(anonymous_8)
FN:115,(anonymous_9)
FNF:6
FNH:6
FNDA:15,(anonymous_4)
FNDA:3,(anonymous_5)
FNDA:4,(anonymous_6)
FNDA:2,(anonymous_7)
FNDA:3,(anonymous_8)
FNDA:3,(anonymous_9)
DA:1,1
DA:2,1
DA:3,1
DA:6,1
DA:7,1
DA:9,1
DA:12,1
DA:15,1
DA:18,15
DA:20,15
DA:21,15
DA:22,15
DA:30,3
DA:31,3
DA:32,2
DA:33,1
DA:35,1
DA:38,1
DA:43,1
DA:44,1
DA:46,1
DA:54,4
DA:55,4
DA:59,3
DA:60,1
DA:62,2
DA:63,2
DA:64,1
DA:66,1
DA:67,1
DA:72,1
DA:77,2
DA:78,2
DA:79,1
DA:84,1
DA:92,3
DA:93,3
DA:94,2
DA:95,1
DA:96,1
DA:97,1
DA:98,1
DA:101,1
DA:103,2
DA:104,1
DA:106,2
DA:107,2
DA:111,1
DA:116,3
DA:117,3
DA:122,2
DA:123,1
DA:124,1
DA:125,1
DA:126,1
DA:128,1
DA:130,1
LF:57
LH:57
BRDA:32,0,0,1
BRDA:32,0,1,1
BRDA:59,1,0,1
BRDA:59,1,1,2
BRDA:63,2,0,1
BRDA:63,2,1,1
BRDA:94,3,0,1
BRDA:94,3,1,1
BRDA:103,4,0,1
BRDA:103,4,1,1
BRDA:122,5,0,1
BRDA:122,5,1,1
BRF:12
BRH:12
end_of_record
